<?xml version="1.0" encoding="UTF-8"?>
<!-- Generated by org.testng.reporters.JUnitReportReporter -->
<testsuite skipped="0" hostname="TYSS-4F-019" name="SCRIPTS.Testscript10" tests="1" failures="0" timestamp="15 Nov 2017 06:36:52 GMT" time="74.683" errors="0">
  <testcase name="testvalidlogonlogout10" time="74.683" classname="SCRIPTS.Testscript10"/>
</testsuite> <!-- SCRIPTS.Testscript10 -->
