<?xml version="1.0" encoding="UTF-8"?>
<!-- Generated by org.testng.reporters.JUnitReportReporter -->
<testsuite skipped="0" hostname="TYSS-4F-019" name="SCRIPTS.Testscript1a" tests="1" failures="0" timestamp="06 Nov 2017 10:28:26 GMT" time="4.365" errors="0">
  <testcase name="testvalidlogonlogout" time="4.365" classname="SCRIPTS.Testscript1a"/>
</testsuite> <!-- SCRIPTS.Testscript1a -->
