<?xml version="1.0" encoding="UTF-8"?>
<!-- Generated by org.testng.reporters.JUnitReportReporter -->
<testsuite skipped="0" hostname="TYSS-4F-019" name="SCRIPTS.Testscript5" tests="1" failures="0" timestamp="09 Nov 2017 11:53:14 GMT" time="67.114" errors="0">
  <testcase name="testvalidlogonlogout5" time="67.114" classname="SCRIPTS.Testscript5"/>
</testsuite> <!-- SCRIPTS.Testscript5 -->
