<?xml version="1.0" encoding="UTF-8"?>
<!-- Generated by org.testng.reporters.JUnitReportReporter -->
<testsuite skipped="0" hostname="TYSS-4F-019" name="SCRIPTS.Testscript1" tests="1" failures="0" timestamp="13 Nov 2017 08:22:01 GMT" time="49.416" errors="0">
  <testcase name="testvalidlogonlogout" time="49.416" classname="SCRIPTS.Testscript1"/>
</testsuite> <!-- SCRIPTS.Testscript1 -->
