<?xml version="1.0" encoding="UTF-8"?>
<!-- Generated by org.testng.reporters.JUnitReportReporter -->
<testsuite skipped="0" hostname="TYSS-4F-019" name="SCRIPTS.Testscript9" tests="1" failures="0" timestamp="09 Nov 2017 12:09:32 GMT" time="67.525" errors="0">
  <testcase name="testvalidlogonlogout9" time="67.525" classname="SCRIPTS.Testscript9"/>
</testsuite> <!-- SCRIPTS.Testscript9 -->
