<?xml version="1.0" encoding="UTF-8"?>
<!-- Generated by org.testng.reporters.JUnitReportReporter -->
<testsuite skipped="0" hostname="TYSS-4F-019" name="SCRIPTS.Testscript1" tests="1" failures="0" timestamp="09 Nov 2017 10:07:43 GMT" time="48.813" errors="0">
  <testcase name="testvalidlogonlogout" time="48.813" classname="SCRIPTS.Testscript1"/>
</testsuite> <!-- SCRIPTS.Testscript1 -->
