<?xml version="1.0" encoding="UTF-8"?>
<!-- Generated by org.testng.reporters.JUnitReportReporter -->
<testsuite skipped="0" hostname="TYSS-4F-019" name="SCRIPTS.Testscript6" tests="1" failures="0" timestamp="09 Nov 2017 11:58:49 GMT" time="69.690" errors="0">
  <testcase name="testvalidlogonlogout6" time="69.690" classname="SCRIPTS.Testscript6"/>
</testsuite> <!-- SCRIPTS.Testscript6 -->
