<?xml version="1.0" encoding="UTF-8"?>
<!-- Generated by org.testng.reporters.JUnitReportReporter -->
<testsuite skipped="0" hostname="TYSS-4F-019" name="SCRIPTS.Testscript3" tests="1" failures="0" timestamp="09 Nov 2017 10:16:53 GMT" time="151.666" errors="0">
  <testcase name="testvalidlogonlogout3" time="151.666" classname="SCRIPTS.Testscript3"/>
</testsuite> <!-- SCRIPTS.Testscript3 -->
