<?xml version="1.0" encoding="UTF-8"?>
<!-- Generated by org.testng.reporters.JUnitReportReporter -->
<testsuite skipped="0" hostname="TYSS-4F-019" name="SCRIPTS.Testscript4" tests="1" failures="0" timestamp="09 Nov 2017 10:35:47 GMT" time="68.312" errors="0">
  <testcase name="testvalidlogonlogout4" time="68.312" classname="SCRIPTS.Testscript4"/>
</testsuite> <!-- SCRIPTS.Testscript4 -->
