<?xml version="1.0" encoding="UTF-8"?>
<!-- Generated by org.testng.reporters.JUnitReportReporter -->
<testsuite skipped="0" hostname="TYSS-4F-019" name="SCRIPTS.Testscript7" tests="1" failures="0" timestamp="09 Nov 2017 12:04:30 GMT" time="55.395" errors="0">
  <testcase name="testvalidlogonlogout7" time="55.395" classname="SCRIPTS.Testscript7"/>
</testsuite> <!-- SCRIPTS.Testscript7 -->
