<?xml version="1.0" encoding="UTF-8"?>
<!-- Generated by org.testng.reporters.JUnitReportReporter -->
<testsuite skipped="0" hostname="TYSS-4F-019" name="SCRIPTS.Testscript11" tests="1" failures="0" timestamp="15 Nov 2017 06:38:30 GMT" time="62.472" errors="0">
  <testcase name="testvalidlogonlogout11" time="62.472" classname="SCRIPTS.Testscript11"/>
</testsuite> <!-- SCRIPTS.Testscript11 -->
