<?xml version="1.0" encoding="UTF-8"?>
<!-- Generated by org.testng.reporters.JUnitReportReporter -->
<testsuite skipped="0" hostname="TYSS-4F-019" name="SCRIPTS.Testscript2" tests="1" failures="0" timestamp="09 Nov 2017 10:13:12 GMT" time="62.942" errors="0">
  <testcase name="testvalidlogonlogout2" time="62.942" classname="SCRIPTS.Testscript2"/>
</testsuite> <!-- SCRIPTS.Testscript2 -->
