<?xml version="1.0" encoding="UTF-8"?>
<!-- Generated by org.testng.reporters.JUnitReportReporter -->
<testsuite skipped="0" hostname="TYSS-4F-019" name="SCRIPTS.Testscript8" tests="1" failures="0" timestamp="09 Nov 2017 12:07:37 GMT" time="67.091" errors="0">
  <testcase name="testvalidlogonlogout8" time="67.091" classname="SCRIPTS.Testscript8"/>
</testsuite> <!-- SCRIPTS.Testscript8 -->
