<?xml version="1.0" encoding="UTF-8"?>
<!-- Generated by org.testng.reporters.JUnitReportReporter -->
<testsuite skipped="0" hostname="TYSS-4F-019" name="SCRIPTS.Testscript2" tests="1" failures="0" timestamp="13 Nov 2017 07:05:35 GMT" time="69.394" errors="0">
  <testcase name="testvalidlogonlogout2" time="69.394" classname="SCRIPTS.Testscript2"/>
</testsuite> <!-- SCRIPTS.Testscript2 -->
